✅ SUCCESS: Vibly WebSocket Server booted normally and bound securely to 127.0.0.1:8080

Deprecated: Creation of dynamic property React\Socket\Connection::$decor is deprecated in /var/www/html/vendor/cboden/ratchet/src/Ratchet/Server/IoServer.php on line 83

Deprecated: Creation of dynamic property Ratchet\Server\IoConnection::$resourceId is deprecated in /var/www/html/vendor/cboden/ratchet/src/Ratchet/Server/IoServer.php on line 84

Deprecated: Creation of dynamic property Ratchet\Server\IoConnection::$remoteAddress is deprecated in /var/www/html/vendor/cboden/ratchet/src/Ratchet/Server/IoServer.php on line 87

Deprecated: Creation of dynamic property Ratchet\Server\IoConnection::$httpHeadersReceived is deprecated in /var/www/html/vendor/cboden/ratchet/src/Ratchet/Http/HttpServer.php on line 33

Deprecated: Creation of dynamic property Ratchet\Server\IoConnection::$httpBuffer is deprecated in /var/www/html/vendor/cboden/ratchet/src/Ratchet/Http/HttpRequestParser.php on line 30

Deprecated: Creation of dynamic property Ratchet\Server\IoConnection::$httpRequest is deprecated in /var/www/html/vendor/cboden/ratchet/src/Ratchet/WebSocket/WsServer.php on line 112

Deprecated: Creation of dynamic property Ratchet\Server\IoConnection::$WebSocket is deprecated in /var/www/html/vendor/cboden/ratchet/src/Ratchet/WebSocket/WsServer.php on line 114

Deprecated: Creation of dynamic property React\Socket\Connection::$decor is deprecated in /var/www/html/vendor/cboden/ratchet/src/Ratchet/Server/IoServer.php on line 83

Deprecated: Creation of dynamic property Ratchet\Server\IoConnection::$resourceId is deprecated in /var/www/html/vendor/cboden/ratchet/src/Ratchet/Server/IoServer.php on line 84

Deprecated: Creation of dynamic property Ratchet\Server\IoConnection::$remoteAddress is deprecated in /var/www/html/vendor/cboden/ratchet/src/Ratchet/Server/IoServer.php on line 87

Deprecated: Creation of dynamic property Ratchet\Server\IoConnection::$httpHeadersReceived is deprecated in /var/www/html/vendor/cboden/ratchet/src/Ratchet/Http/HttpServer.php on line 33

Deprecated: Creation of dynamic property Ratchet\Server\IoConnection::$httpBuffer is deprecated in /var/www/html/vendor/cboden/ratchet/src/Ratchet/Http/HttpRequestParser.php on line 30

Deprecated: Creation of dynamic property Ratchet\Server\IoConnection::$httpRequest is deprecated in /var/www/html/vendor/cboden/ratchet/src/Ratchet/WebSocket/WsServer.php on line 112

Deprecated: Creation of dynamic property Ratchet\Server\IoConnection::$WebSocket is deprecated in /var/www/html/vendor/cboden/ratchet/src/Ratchet/WebSocket/WsServer.php on line 114
New connection! (81)

Deprecated: Creation of dynamic property Ratchet\Server\IoConnection::$username is deprecated in /var/www/html/vendor/cboden/ratchet/src/Ratchet/AbstractConnectionDecorator.php on line 27
User ramesh01 registered on connection 81

Deprecated: Creation of dynamic property React\Socket\Connection::$decor is deprecated in /var/www/html/vendor/cboden/ratchet/src/Ratchet/Server/IoServer.php on line 83

Deprecated: Creation of dynamic property Ratchet\Server\IoConnection::$resourceId is deprecated in /var/www/html/vendor/cboden/ratchet/src/Ratchet/Server/IoServer.php on line 84

Deprecated: Creation of dynamic property Ratchet\Server\IoConnection::$remoteAddress is deprecated in /var/www/html/vendor/cboden/ratchet/src/Ratchet/Server/IoServer.php on line 87

Deprecated: Creation of dynamic property Ratchet\Server\IoConnection::$httpHeadersReceived is deprecated in /var/www/html/vendor/cboden/ratchet/src/Ratchet/Http/HttpServer.php on line 33

Deprecated: Creation of dynamic property Ratchet\Server\IoConnection::$httpBuffer is deprecated in /var/www/html/vendor/cboden/ratchet/src/Ratchet/Http/HttpRequestParser.php on line 30

Deprecated: Creation of dynamic property Ratchet\Server\IoConnection::$httpRequest is deprecated in /var/www/html/vendor/cboden/ratchet/src/Ratchet/WebSocket/WsServer.php on line 112

Deprecated: Creation of dynamic property Ratchet\Server\IoConnection::$WebSocket is deprecated in /var/www/html/vendor/cboden/ratchet/src/Ratchet/WebSocket/WsServer.php on line 114
New connection! (90)

Deprecated: Creation of dynamic property Ratchet\Server\IoConnection::$username is deprecated in /var/www/html/vendor/cboden/ratchet/src/Ratchet/AbstractConnectionDecorator.php on line 27
User ankit01 registered on connection 90
User ramesh01 disconnected

Deprecated: Creation of dynamic property React\Socket\Connection::$decor is deprecated in /var/www/html/vendor/cboden/ratchet/src/Ratchet/Server/IoServer.php on line 83

Deprecated: Creation of dynamic property Ratchet\Server\IoConnection::$resourceId is deprecated in /var/www/html/vendor/cboden/ratchet/src/Ratchet/Server/IoServer.php on line 84

Deprecated: Creation of dynamic property Ratchet\Server\IoConnection::$remoteAddress is deprecated in /var/www/html/vendor/cboden/ratchet/src/Ratchet/Server/IoServer.php on line 87

Deprecated: Creation of dynamic property Ratchet\Server\IoConnection::$httpHeadersReceived is deprecated in /var/www/html/vendor/cboden/ratchet/src/Ratchet/Http/HttpServer.php on line 33

Deprecated: Creation of dynamic property Ratchet\Server\IoConnection::$httpBuffer is deprecated in /var/www/html/vendor/cboden/ratchet/src/Ratchet/Http/HttpRequestParser.php on line 30

Deprecated: Creation of dynamic property Ratchet\Server\IoConnection::$httpRequest is deprecated in /var/www/html/vendor/cboden/ratchet/src/Ratchet/WebSocket/WsServer.php on line 112

Deprecated: Creation of dynamic property Ratchet\Server\IoConnection::$WebSocket is deprecated in /var/www/html/vendor/cboden/ratchet/src/Ratchet/WebSocket/WsServer.php on line 114
New connection! (93)

Deprecated: Creation of dynamic property Ratchet\Server\IoConnection::$username is deprecated in /var/www/html/vendor/cboden/ratchet/src/Ratchet/AbstractConnectionDecorator.php on line 27
User ramesh01 registered on connection 93
🚨 FATAL SYSTEM ERROR: Call to a member function prepare() on null
✅ SUCCESS: Vibly WebSocket Server booted normally and bound securely to 127.0.0.1:8080

Deprecated: Creation of dynamic property React\Socket\Connection::$decor is deprecated in /var/www/html/vendor/cboden/ratchet/src/Ratchet/Server/IoServer.php on line 83

Deprecated: Creation of dynamic property Ratchet\Server\IoConnection::$resourceId is deprecated in /var/www/html/vendor/cboden/ratchet/src/Ratchet/Server/IoServer.php on line 84

Deprecated: Creation of dynamic property Ratchet\Server\IoConnection::$remoteAddress is deprecated in /var/www/html/vendor/cboden/ratchet/src/Ratchet/Server/IoServer.php on line 87

Deprecated: Creation of dynamic property Ratchet\Server\IoConnection::$httpHeadersReceived is deprecated in /var/www/html/vendor/cboden/ratchet/src/Ratchet/Http/HttpServer.php on line 33

Deprecated: Creation of dynamic property Ratchet\Server\IoConnection::$httpBuffer is deprecated in /var/www/html/vendor/cboden/ratchet/src/Ratchet/Http/HttpRequestParser.php on line 30

Deprecated: Creation of dynamic property Ratchet\Server\IoConnection::$httpRequest is deprecated in /var/www/html/vendor/cboden/ratchet/src/Ratchet/WebSocket/WsServer.php on line 112

Deprecated: Creation of dynamic property Ratchet\Server\IoConnection::$WebSocket is deprecated in /var/www/html/vendor/cboden/ratchet/src/Ratchet/WebSocket/WsServer.php on line 114
New connection! (54)

Deprecated: Creation of dynamic property Ratchet\Server\IoConnection::$username is deprecated in /var/www/html/vendor/cboden/ratchet/src/Ratchet/AbstractConnectionDecorator.php on line 27
User ramesh01 registered on connection 54

Deprecated: Creation of dynamic property React\Socket\Connection::$decor is deprecated in /var/www/html/vendor/cboden/ratchet/src/Ratchet/Server/IoServer.php on line 83

Deprecated: Creation of dynamic property Ratchet\Server\IoConnection::$resourceId is deprecated in /var/www/html/vendor/cboden/ratchet/src/Ratchet/Server/IoServer.php on line 84

Deprecated: Creation of dynamic property Ratchet\Server\IoConnection::$remoteAddress is deprecated in /var/www/html/vendor/cboden/ratchet/src/Ratchet/Server/IoServer.php on line 87

Deprecated: Creation of dynamic property Ratchet\Server\IoConnection::$httpHeadersReceived is deprecated in /var/www/html/vendor/cboden/ratchet/src/Ratchet/Http/HttpServer.php on line 33

Deprecated: Creation of dynamic property Ratchet\Server\IoConnection::$httpBuffer is deprecated in /var/www/html/vendor/cboden/ratchet/src/Ratchet/Http/HttpRequestParser.php on line 30

Deprecated: Creation of dynamic property Ratchet\Server\IoConnection::$httpRequest is deprecated in /var/www/html/vendor/cboden/ratchet/src/Ratchet/WebSocket/WsServer.php on line 112

Deprecated: Creation of dynamic property Ratchet\Server\IoConnection::$WebSocket is deprecated in /var/www/html/vendor/cboden/ratchet/src/Ratchet/WebSocket/WsServer.php on line 114
New connection! (87)

Deprecated: Creation of dynamic property Ratchet\Server\IoConnection::$username is deprecated in /var/www/html/vendor/cboden/ratchet/src/Ratchet/AbstractConnectionDecorator.php on line 27
User ankit01 registered on connection 87
🚨 FATAL SYSTEM ERROR: Call to a member function prepare() on null
✅ SUCCESS: Vibly WebSocket Server booted normally and bound securely to 127.0.0.1:8080

Deprecated: Creation of dynamic property React\Socket\Connection::$decor is deprecated in /var/www/html/vendor/cboden/ratchet/src/Ratchet/Server/IoServer.php on line 83

Deprecated: Creation of dynamic property Ratchet\Server\IoConnection::$resourceId is deprecated in /var/www/html/vendor/cboden/ratchet/src/Ratchet/Server/IoServer.php on line 84

Deprecated: Creation of dynamic property Ratchet\Server\IoConnection::$remoteAddress is deprecated in /var/www/html/vendor/cboden/ratchet/src/Ratchet/Server/IoServer.php on line 87

Deprecated: Creation of dynamic property Ratchet\Server\IoConnection::$httpHeadersReceived is deprecated in /var/www/html/vendor/cboden/ratchet/src/Ratchet/Http/HttpServer.php on line 33

Deprecated: Creation of dynamic property Ratchet\Server\IoConnection::$httpBuffer is deprecated in /var/www/html/vendor/cboden/ratchet/src/Ratchet/Http/HttpRequestParser.php on line 30

Deprecated: Creation of dynamic property Ratchet\Server\IoConnection::$httpRequest is deprecated in /var/www/html/vendor/cboden/ratchet/src/Ratchet/WebSocket/WsServer.php on line 112

Deprecated: Creation of dynamic property Ratchet\Server\IoConnection::$WebSocket is deprecated in /var/www/html/vendor/cboden/ratchet/src/Ratchet/WebSocket/WsServer.php on line 114
New connection! (54)

Deprecated: Creation of dynamic property React\Socket\Connection::$decor is deprecated in /var/www/html/vendor/cboden/ratchet/src/Ratchet/Server/IoServer.php on line 83

Deprecated: Creation of dynamic property Ratchet\Server\IoConnection::$resourceId is deprecated in /var/www/html/vendor/cboden/ratchet/src/Ratchet/Server/IoServer.php on line 84

Deprecated: Creation of dynamic property Ratchet\Server\IoConnection::$remoteAddress is deprecated in /var/www/html/vendor/cboden/ratchet/src/Ratchet/Server/IoServer.php on line 87

Deprecated: Creation of dynamic property Ratchet\Server\IoConnection::$httpHeadersReceived is deprecated in /var/www/html/vendor/cboden/ratchet/src/Ratchet/Http/HttpServer.php on line 33

Deprecated: Creation of dynamic property Ratchet\Server\IoConnection::$httpBuffer is deprecated in /var/www/html/vendor/cboden/ratchet/src/Ratchet/Http/HttpRequestParser.php on line 30

Deprecated: Creation of dynamic property Ratchet\Server\IoConnection::$httpRequest is deprecated in /var/www/html/vendor/cboden/ratchet/src/Ratchet/WebSocket/WsServer.php on line 112

Deprecated: Creation of dynamic property Ratchet\Server\IoConnection::$WebSocket is deprecated in /var/www/html/vendor/cboden/ratchet/src/Ratchet/WebSocket/WsServer.php on line 114
New connection! (85)

Deprecated: Creation of dynamic property Ratchet\Server\IoConnection::$username is deprecated in /var/www/html/vendor/cboden/ratchet/src/Ratchet/AbstractConnectionDecorator.php on line 27
User ankit01 registered on connection 54

Deprecated: Creation of dynamic property Ratchet\Server\IoConnection::$username is deprecated in /var/www/html/vendor/cboden/ratchet/src/Ratchet/AbstractConnectionDecorator.php on line 27
User ramesh01 registered on connection 85
🚨 FATAL SYSTEM ERROR: Call to a member function prepare() on null
✅ SUCCESS: Vibly WebSocket Server booted normally and bound securely to 127.0.0.1:8080

Deprecated: Creation of dynamic property React\Socket\Connection::$decor is deprecated in /var/www/html/vendor/cboden/ratchet/src/Ratchet/Server/IoServer.php on line 83

Deprecated: Creation of dynamic property Ratchet\Server\IoConnection::$resourceId is deprecated in /var/www/html/vendor/cboden/ratchet/src/Ratchet/Server/IoServer.php on line 84

Deprecated: Creation of dynamic property Ratchet\Server\IoConnection::$remoteAddress is deprecated in /var/www/html/vendor/cboden/ratchet/src/Ratchet/Server/IoServer.php on line 87

Deprecated: Creation of dynamic property Ratchet\Server\IoConnection::$httpHeadersReceived is deprecated in /var/www/html/vendor/cboden/ratchet/src/Ratchet/Http/HttpServer.php on line 33

Deprecated: Creation of dynamic property Ratchet\Server\IoConnection::$httpBuffer is deprecated in /var/www/html/vendor/cboden/ratchet/src/Ratchet/Http/HttpRequestParser.php on line 30

Deprecated: Creation of dynamic property Ratchet\Server\IoConnection::$httpRequest is deprecated in /var/www/html/vendor/cboden/ratchet/src/Ratchet/WebSocket/WsServer.php on line 112

Deprecated: Creation of dynamic property Ratchet\Server\IoConnection::$WebSocket is deprecated in /var/www/html/vendor/cboden/ratchet/src/Ratchet/WebSocket/WsServer.php on line 114
New connection! (54)

Deprecated: Creation of dynamic property React\Socket\Connection::$decor is deprecated in /var/www/html/vendor/cboden/ratchet/src/Ratchet/Server/IoServer.php on line 83

Deprecated: Creation of dynamic property Ratchet\Server\IoConnection::$resourceId is deprecated in /var/www/html/vendor/cboden/ratchet/src/Ratchet/Server/IoServer.php on line 84

Deprecated: Creation of dynamic property Ratchet\Server\IoConnection::$remoteAddress is deprecated in /var/www/html/vendor/cboden/ratchet/src/Ratchet/Server/IoServer.php on line 87

Deprecated: Creation of dynamic property Ratchet\Server\IoConnection::$httpHeadersReceived is deprecated in /var/www/html/vendor/cboden/ratchet/src/Ratchet/Http/HttpServer.php on line 33

Deprecated: Creation of dynamic property Ratchet\Server\IoConnection::$httpBuffer is deprecated in /var/www/html/vendor/cboden/ratchet/src/Ratchet/Http/HttpRequestParser.php on line 30

Deprecated: Creation of dynamic property Ratchet\Server\IoConnection::$httpRequest is deprecated in /var/www/html/vendor/cboden/ratchet/src/Ratchet/WebSocket/WsServer.php on line 112

Deprecated: Creation of dynamic property Ratchet\Server\IoConnection::$WebSocket is deprecated in /var/www/html/vendor/cboden/ratchet/src/Ratchet/WebSocket/WsServer.php on line 114
New connection! (85)

Deprecated: Creation of dynamic property Ratchet\Server\IoConnection::$username is deprecated in /var/www/html/vendor/cboden/ratchet/src/Ratchet/AbstractConnectionDecorator.php on line 27
User ankit01 registered on connection 54

Deprecated: Creation of dynamic property Ratchet\Server\IoConnection::$username is deprecated in /var/www/html/vendor/cboden/ratchet/src/Ratchet/AbstractConnectionDecorator.php on line 27
User ramesh01 registered on connection 85
User ankit01 disconnected
User ramesh01 disconnected

Deprecated: Creation of dynamic property React\Socket\Connection::$decor is deprecated in /var/www/html/vendor/cboden/ratchet/src/Ratchet/Server/IoServer.php on line 83

Deprecated: Creation of dynamic property Ratchet\Server\IoConnection::$resourceId is deprecated in /var/www/html/vendor/cboden/ratchet/src/Ratchet/Server/IoServer.php on line 84

Deprecated: Creation of dynamic property Ratchet\Server\IoConnection::$remoteAddress is deprecated in /var/www/html/vendor/cboden/ratchet/src/Ratchet/Server/IoServer.php on line 87

Deprecated: Creation of dynamic property Ratchet\Server\IoConnection::$httpHeadersReceived is deprecated in /var/www/html/vendor/cboden/ratchet/src/Ratchet/Http/HttpServer.php on line 33

Deprecated: Creation of dynamic property Ratchet\Server\IoConnection::$httpBuffer is deprecated in /var/www/html/vendor/cboden/ratchet/src/Ratchet/Http/HttpRequestParser.php on line 30

Deprecated: Creation of dynamic property Ratchet\Server\IoConnection::$httpRequest is deprecated in /var/www/html/vendor/cboden/ratchet/src/Ratchet/WebSocket/WsServer.php on line 112

Deprecated: Creation of dynamic property Ratchet\Server\IoConnection::$WebSocket is deprecated in /var/www/html/vendor/cboden/ratchet/src/Ratchet/WebSocket/WsServer.php on line 114
New connection! (90)

Deprecated: Creation of dynamic property Ratchet\Server\IoConnection::$username is deprecated in /var/www/html/vendor/cboden/ratchet/src/Ratchet/AbstractConnectionDecorator.php on line 27
User ankit01 registered on connection 90

Deprecated: Creation of dynamic property React\Socket\Connection::$decor is deprecated in /var/www/html/vendor/cboden/ratchet/src/Ratchet/Server/IoServer.php on line 83

Deprecated: Creation of dynamic property Ratchet\Server\IoConnection::$resourceId is deprecated in /var/www/html/vendor/cboden/ratchet/src/Ratchet/Server/IoServer.php on line 84

Deprecated: Creation of dynamic property Ratchet\Server\IoConnection::$remoteAddress is deprecated in /var/www/html/vendor/cboden/ratchet/src/Ratchet/Server/IoServer.php on line 87

Deprecated: Creation of dynamic property Ratchet\Server\IoConnection::$httpHeadersReceived is deprecated in /var/www/html/vendor/cboden/ratchet/src/Ratchet/Http/HttpServer.php on line 33

Deprecated: Creation of dynamic property Ratchet\Server\IoConnection::$httpBuffer is deprecated in /var/www/html/vendor/cboden/ratchet/src/Ratchet/Http/HttpRequestParser.php on line 30

Deprecated: Creation of dynamic property Ratchet\Server\IoConnection::$httpRequest is deprecated in /var/www/html/vendor/cboden/ratchet/src/Ratchet/WebSocket/WsServer.php on line 112

Deprecated: Creation of dynamic property Ratchet\Server\IoConnection::$WebSocket is deprecated in /var/www/html/vendor/cboden/ratchet/src/Ratchet/WebSocket/WsServer.php on line 114
New connection! (93)

Deprecated: Creation of dynamic property Ratchet\Server\IoConnection::$username is deprecated in /var/www/html/vendor/cboden/ratchet/src/Ratchet/AbstractConnectionDecorator.php on line 27
User ramesh01 registered on connection 93
🚨 FATAL SYSTEM ERROR: Call to a member function prepare() on null
✅ SUCCESS: Vibly WebSocket Server booted normally and bound securely to 127.0.0.1:8080

Deprecated: Creation of dynamic property React\Socket\Connection::$decor is deprecated in /var/www/html/vendor/cboden/ratchet/src/Ratchet/Server/IoServer.php on line 83

Deprecated: Creation of dynamic property Ratchet\Server\IoConnection::$resourceId is deprecated in /var/www/html/vendor/cboden/ratchet/src/Ratchet/Server/IoServer.php on line 84

Deprecated: Creation of dynamic property Ratchet\Server\IoConnection::$remoteAddress is deprecated in /var/www/html/vendor/cboden/ratchet/src/Ratchet/Server/IoServer.php on line 87

Deprecated: Creation of dynamic property Ratchet\Server\IoConnection::$httpHeadersReceived is deprecated in /var/www/html/vendor/cboden/ratchet/src/Ratchet/Http/HttpServer.php on line 33

Deprecated: Creation of dynamic property Ratchet\Server\IoConnection::$httpBuffer is deprecated in /var/www/html/vendor/cboden/ratchet/src/Ratchet/Http/HttpRequestParser.php on line 30

Deprecated: Creation of dynamic property Ratchet\Server\IoConnection::$httpRequest is deprecated in /var/www/html/vendor/cboden/ratchet/src/Ratchet/WebSocket/WsServer.php on line 112

Deprecated: Creation of dynamic property Ratchet\Server\IoConnection::$WebSocket is deprecated in /var/www/html/vendor/cboden/ratchet/src/Ratchet/WebSocket/WsServer.php on line 114
New connection! (54)

Deprecated: Creation of dynamic property React\Socket\Connection::$decor is deprecated in /var/www/html/vendor/cboden/ratchet/src/Ratchet/Server/IoServer.php on line 83

Deprecated: Creation of dynamic property Ratchet\Server\IoConnection::$resourceId is deprecated in /var/www/html/vendor/cboden/ratchet/src/Ratchet/Server/IoServer.php on line 84

Deprecated: Creation of dynamic property Ratchet\Server\IoConnection::$remoteAddress is deprecated in /var/www/html/vendor/cboden/ratchet/src/Ratchet/Server/IoServer.php on line 87

Deprecated: Creation of dynamic property Ratchet\Server\IoConnection::$httpHeadersReceived is deprecated in /var/www/html/vendor/cboden/ratchet/src/Ratchet/Http/HttpServer.php on line 33

Deprecated: Creation of dynamic property Ratchet\Server\IoConnection::$httpBuffer is deprecated in /var/www/html/vendor/cboden/ratchet/src/Ratchet/Http/HttpRequestParser.php on line 30

Deprecated: Creation of dynamic property Ratchet\Server\IoConnection::$httpRequest is deprecated in /var/www/html/vendor/cboden/ratchet/src/Ratchet/WebSocket/WsServer.php on line 112

Deprecated: Creation of dynamic property Ratchet\Server\IoConnection::$WebSocket is deprecated in /var/www/html/vendor/cboden/ratchet/src/Ratchet/WebSocket/WsServer.php on line 114
New connection! (85)

Deprecated: Creation of dynamic property Ratchet\Server\IoConnection::$username is deprecated in /var/www/html/vendor/cboden/ratchet/src/Ratchet/AbstractConnectionDecorator.php on line 27
User ramesh01 registered on connection 54

Deprecated: Creation of dynamic property Ratchet\Server\IoConnection::$username is deprecated in /var/www/html/vendor/cboden/ratchet/src/Ratchet/AbstractConnectionDecorator.php on line 27
User ankit01 registered on connection 85
🚨 FATAL SYSTEM ERROR: Call to a member function prepare() on null
✅ SUCCESS: Vibly WebSocket Server booted normally and bound securely to 127.0.0.1:8080

Deprecated: Creation of dynamic property React\Socket\Connection::$decor is deprecated in /var/www/html/vendor/cboden/ratchet/src/Ratchet/Server/IoServer.php on line 83

Deprecated: Creation of dynamic property Ratchet\Server\IoConnection::$resourceId is deprecated in /var/www/html/vendor/cboden/ratchet/src/Ratchet/Server/IoServer.php on line 84

Deprecated: Creation of dynamic property Ratchet\Server\IoConnection::$remoteAddress is deprecated in /var/www/html/vendor/cboden/ratchet/src/Ratchet/Server/IoServer.php on line 87

Deprecated: Creation of dynamic property Ratchet\Server\IoConnection::$httpHeadersReceived is deprecated in /var/www/html/vendor/cboden/ratchet/src/Ratchet/Http/HttpServer.php on line 33

Deprecated: Creation of dynamic property Ratchet\Server\IoConnection::$httpBuffer is deprecated in /var/www/html/vendor/cboden/ratchet/src/Ratchet/Http/HttpRequestParser.php on line 30

Deprecated: Creation of dynamic property Ratchet\Server\IoConnection::$httpRequest is deprecated in /var/www/html/vendor/cboden/ratchet/src/Ratchet/WebSocket/WsServer.php on line 112

Deprecated: Creation of dynamic property Ratchet\Server\IoConnection::$WebSocket is deprecated in /var/www/html/vendor/cboden/ratchet/src/Ratchet/WebSocket/WsServer.php on line 114
New connection! (54)

Deprecated: Creation of dynamic property React\Socket\Connection::$decor is deprecated in /var/www/html/vendor/cboden/ratchet/src/Ratchet/Server/IoServer.php on line 83

Deprecated: Creation of dynamic property Ratchet\Server\IoConnection::$resourceId is deprecated in /var/www/html/vendor/cboden/ratchet/src/Ratchet/Server/IoServer.php on line 84

Deprecated: Creation of dynamic property Ratchet\Server\IoConnection::$remoteAddress is deprecated in /var/www/html/vendor/cboden/ratchet/src/Ratchet/Server/IoServer.php on line 87

Deprecated: Creation of dynamic property Ratchet\Server\IoConnection::$httpHeadersReceived is deprecated in /var/www/html/vendor/cboden/ratchet/src/Ratchet/Http/HttpServer.php on line 33

Deprecated: Creation of dynamic property Ratchet\Server\IoConnection::$httpBuffer is deprecated in /var/www/html/vendor/cboden/ratchet/src/Ratchet/Http/HttpRequestParser.php on line 30

Deprecated: Creation of dynamic property Ratchet\Server\IoConnection::$httpRequest is deprecated in /var/www/html/vendor/cboden/ratchet/src/Ratchet/WebSocket/WsServer.php on line 112

Deprecated: Creation of dynamic property Ratchet\Server\IoConnection::$WebSocket is deprecated in /var/www/html/vendor/cboden/ratchet/src/Ratchet/WebSocket/WsServer.php on line 114
New connection! (85)

Deprecated: Creation of dynamic property Ratchet\Server\IoConnection::$username is deprecated in /var/www/html/vendor/cboden/ratchet/src/Ratchet/AbstractConnectionDecorator.php on line 27
User ramesh01 registered on connection 54

Deprecated: Creation of dynamic property Ratchet\Server\IoConnection::$username is deprecated in /var/www/html/vendor/cboden/ratchet/src/Ratchet/AbstractConnectionDecorator.php on line 27
User ankit01 registered on connection 85
🚨 FATAL SYSTEM ERROR: Call to a member function prepare() on null
✅ SUCCESS: Vibly WebSocket Server booted normally and bound securely to 127.0.0.1:8080

Deprecated: Creation of dynamic property React\Socket\Connection::$decor is deprecated in /var/www/html/vendor/cboden/ratchet/src/Ratchet/Server/IoServer.php on line 83

Deprecated: Creation of dynamic property Ratchet\Server\IoConnection::$resourceId is deprecated in /var/www/html/vendor/cboden/ratchet/src/Ratchet/Server/IoServer.php on line 84

Deprecated: Creation of dynamic property Ratchet\Server\IoConnection::$remoteAddress is deprecated in /var/www/html/vendor/cboden/ratchet/src/Ratchet/Server/IoServer.php on line 87

Deprecated: Creation of dynamic property Ratchet\Server\IoConnection::$httpHeadersReceived is deprecated in /var/www/html/vendor/cboden/ratchet/src/Ratchet/Http/HttpServer.php on line 33

Deprecated: Creation of dynamic property Ratchet\Server\IoConnection::$httpBuffer is deprecated in /var/www/html/vendor/cboden/ratchet/src/Ratchet/Http/HttpRequestParser.php on line 30

Deprecated: Creation of dynamic property Ratchet\Server\IoConnection::$httpRequest is deprecated in /var/www/html/vendor/cboden/ratchet/src/Ratchet/WebSocket/WsServer.php on line 112

Deprecated: Creation of dynamic property Ratchet\Server\IoConnection::$WebSocket is deprecated in /var/www/html/vendor/cboden/ratchet/src/Ratchet/WebSocket/WsServer.php on line 114
New connection! (54)

Deprecated: Creation of dynamic property React\Socket\Connection::$decor is deprecated in /var/www/html/vendor/cboden/ratchet/src/Ratchet/Server/IoServer.php on line 83

Deprecated: Creation of dynamic property Ratchet\Server\IoConnection::$resourceId is deprecated in /var/www/html/vendor/cboden/ratchet/src/Ratchet/Server/IoServer.php on line 84

Deprecated: Creation of dynamic property Ratchet\Server\IoConnection::$remoteAddress is deprecated in /var/www/html/vendor/cboden/ratchet/src/Ratchet/Server/IoServer.php on line 87

Deprecated: Creation of dynamic property Ratchet\Server\IoConnection::$httpHeadersReceived is deprecated in /var/www/html/vendor/cboden/ratchet/src/Ratchet/Http/HttpServer.php on line 33

Deprecated: Creation of dynamic property Ratchet\Server\IoConnection::$httpBuffer is deprecated in /var/www/html/vendor/cboden/ratchet/src/Ratchet/Http/HttpRequestParser.php on line 30

Deprecated: Creation of dynamic property Ratchet\Server\IoConnection::$httpRequest is deprecated in /var/www/html/vendor/cboden/ratchet/src/Ratchet/WebSocket/WsServer.php on line 112

Deprecated: Creation of dynamic property Ratchet\Server\IoConnection::$WebSocket is deprecated in /var/www/html/vendor/cboden/ratchet/src/Ratchet/WebSocket/WsServer.php on line 114
New connection! (85)

Deprecated: Creation of dynamic property Ratchet\Server\IoConnection::$username is deprecated in /var/www/html/vendor/cboden/ratchet/src/Ratchet/AbstractConnectionDecorator.php on line 27
User ankit01 registered on connection 54

Deprecated: Creation of dynamic property Ratchet\Server\IoConnection::$username is deprecated in /var/www/html/vendor/cboden/ratchet/src/Ratchet/AbstractConnectionDecorator.php on line 27
User ramesh01 registered on connection 85
🚨 FATAL SYSTEM ERROR: Call to a member function prepare() on null
✅ SUCCESS: Vibly WebSocket Server booted normally and bound securely to 127.0.0.1:8080

Deprecated: Creation of dynamic property React\Socket\Connection::$decor is deprecated in /var/www/html/vendor/cboden/ratchet/src/Ratchet/Server/IoServer.php on line 83

Deprecated: Creation of dynamic property Ratchet\Server\IoConnection::$resourceId is deprecated in /var/www/html/vendor/cboden/ratchet/src/Ratchet/Server/IoServer.php on line 84

Deprecated: Creation of dynamic property Ratchet\Server\IoConnection::$remoteAddress is deprecated in /var/www/html/vendor/cboden/ratchet/src/Ratchet/Server/IoServer.php on line 87

Deprecated: Creation of dynamic property Ratchet\Server\IoConnection::$httpHeadersReceived is deprecated in /var/www/html/vendor/cboden/ratchet/src/Ratchet/Http/HttpServer.php on line 33

Deprecated: Creation of dynamic property Ratchet\Server\IoConnection::$httpBuffer is deprecated in /var/www/html/vendor/cboden/ratchet/src/Ratchet/Http/HttpRequestParser.php on line 30

Deprecated: Creation of dynamic property Ratchet\Server\IoConnection::$httpRequest is deprecated in /var/www/html/vendor/cboden/ratchet/src/Ratchet/WebSocket/WsServer.php on line 112

Deprecated: Creation of dynamic property Ratchet\Server\IoConnection::$WebSocket is deprecated in /var/www/html/vendor/cboden/ratchet/src/Ratchet/WebSocket/WsServer.php on line 114
New connection! (54)

Deprecated: Creation of dynamic property React\Socket\Connection::$decor is deprecated in /var/www/html/vendor/cboden/ratchet/src/Ratchet/Server/IoServer.php on line 83

Deprecated: Creation of dynamic property Ratchet\Server\IoConnection::$resourceId is deprecated in /var/www/html/vendor/cboden/ratchet/src/Ratchet/Server/IoServer.php on line 84

Deprecated: Creation of dynamic property Ratchet\Server\IoConnection::$remoteAddress is deprecated in /var/www/html/vendor/cboden/ratchet/src/Ratchet/Server/IoServer.php on line 87

Deprecated: Creation of dynamic property Ratchet\Server\IoConnection::$httpHeadersReceived is deprecated in /var/www/html/vendor/cboden/ratchet/src/Ratchet/Http/HttpServer.php on line 33

Deprecated: Creation of dynamic property Ratchet\Server\IoConnection::$httpBuffer is deprecated in /var/www/html/vendor/cboden/ratchet/src/Ratchet/Http/HttpRequestParser.php on line 30

Deprecated: Creation of dynamic property Ratchet\Server\IoConnection::$httpRequest is deprecated in /var/www/html/vendor/cboden/ratchet/src/Ratchet/WebSocket/WsServer.php on line 112

Deprecated: Creation of dynamic property Ratchet\Server\IoConnection::$WebSocket is deprecated in /var/www/html/vendor/cboden/ratchet/src/Ratchet/WebSocket/WsServer.php on line 114
New connection! (85)

Deprecated: Creation of dynamic property Ratchet\Server\IoConnection::$username is deprecated in /var/www/html/vendor/cboden/ratchet/src/Ratchet/AbstractConnectionDecorator.php on line 27
User ankit01 registered on connection 54

Deprecated: Creation of dynamic property Ratchet\Server\IoConnection::$username is deprecated in /var/www/html/vendor/cboden/ratchet/src/Ratchet/AbstractConnectionDecorator.php on line 27
User ramesh01 registered on connection 85

Deprecated: Creation of dynamic property React\Socket\Connection::$decor is deprecated in /var/www/html/vendor/cboden/ratchet/src/Ratchet/Server/IoServer.php on line 83

Deprecated: Creation of dynamic property Ratchet\Server\IoConnection::$resourceId is deprecated in /var/www/html/vendor/cboden/ratchet/src/Ratchet/Server/IoServer.php on line 84

Deprecated: Creation of dynamic property Ratchet\Server\IoConnection::$remoteAddress is deprecated in /var/www/html/vendor/cboden/ratchet/src/Ratchet/Server/IoServer.php on line 87

Deprecated: Creation of dynamic property Ratchet\Server\IoConnection::$httpHeadersReceived is deprecated in /var/www/html/vendor/cboden/ratchet/src/Ratchet/Http/HttpServer.php on line 33

Deprecated: Creation of dynamic property Ratchet\Server\IoConnection::$httpBuffer is deprecated in /var/www/html/vendor/cboden/ratchet/src/Ratchet/Http/HttpRequestParser.php on line 30

Deprecated: Creation of dynamic property Ratchet\Server\IoConnection::$httpRequest is deprecated in /var/www/html/vendor/cboden/ratchet/src/Ratchet/WebSocket/WsServer.php on line 112

Deprecated: Creation of dynamic property Ratchet\Server\IoConnection::$WebSocket is deprecated in /var/www/html/vendor/cboden/ratchet/src/Ratchet/WebSocket/WsServer.php on line 114
New connection! (90)

Deprecated: Creation of dynamic property Ratchet\Server\IoConnection::$username is deprecated in /var/www/html/vendor/cboden/ratchet/src/Ratchet/AbstractConnectionDecorator.php on line 27
User ankit01 registered on connection 90
User ankit01 disconnected

Deprecated: Creation of dynamic property React\Socket\Connection::$decor is deprecated in /var/www/html/vendor/cboden/ratchet/src/Ratchet/Server/IoServer.php on line 83

Deprecated: Creation of dynamic property Ratchet\Server\IoConnection::$resourceId is deprecated in /var/www/html/vendor/cboden/ratchet/src/Ratchet/Server/IoServer.php on line 84

Deprecated: Creation of dynamic property Ratchet\Server\IoConnection::$remoteAddress is deprecated in /var/www/html/vendor/cboden/ratchet/src/Ratchet/Server/IoServer.php on line 87

Deprecated: Creation of dynamic property Ratchet\Server\IoConnection::$httpHeadersReceived is deprecated in /var/www/html/vendor/cboden/ratchet/src/Ratchet/Http/HttpServer.php on line 33

Deprecated: Creation of dynamic property Ratchet\Server\IoConnection::$httpBuffer is deprecated in /var/www/html/vendor/cboden/ratchet/src/Ratchet/Http/HttpRequestParser.php on line 30

Deprecated: Creation of dynamic property Ratchet\Server\IoConnection::$httpRequest is deprecated in /var/www/html/vendor/cboden/ratchet/src/Ratchet/WebSocket/WsServer.php on line 112

Deprecated: Creation of dynamic property Ratchet\Server\IoConnection::$WebSocket is deprecated in /var/www/html/vendor/cboden/ratchet/src/Ratchet/WebSocket/WsServer.php on line 114
New connection! (93)

Deprecated: Creation of dynamic property Ratchet\Server\IoConnection::$username is deprecated in /var/www/html/vendor/cboden/ratchet/src/Ratchet/AbstractConnectionDecorator.php on line 27
User ramesh01 registered on connection 93
🚨 FATAL SYSTEM ERROR: Call to a member function prepare() on null
✅ SUCCESS: Vibly WebSocket Server booted normally and bound securely to 127.0.0.1:8080

Deprecated: Creation of dynamic property React\Socket\Connection::$decor is deprecated in /var/www/html/vendor/cboden/ratchet/src/Ratchet/Server/IoServer.php on line 83

Deprecated: Creation of dynamic property Ratchet\Server\IoConnection::$resourceId is deprecated in /var/www/html/vendor/cboden/ratchet/src/Ratchet/Server/IoServer.php on line 84

Deprecated: Creation of dynamic property Ratchet\Server\IoConnection::$remoteAddress is deprecated in /var/www/html/vendor/cboden/ratchet/src/Ratchet/Server/IoServer.php on line 87

Deprecated: Creation of dynamic property Ratchet\Server\IoConnection::$httpHeadersReceived is deprecated in /var/www/html/vendor/cboden/ratchet/src/Ratchet/Http/HttpServer.php on line 33

Deprecated: Creation of dynamic property Ratchet\Server\IoConnection::$httpBuffer is deprecated in /var/www/html/vendor/cboden/ratchet/src/Ratchet/Http/HttpRequestParser.php on line 30

Deprecated: Creation of dynamic property Ratchet\Server\IoConnection::$httpRequest is deprecated in /var/www/html/vendor/cboden/ratchet/src/Ratchet/WebSocket/WsServer.php on line 112

Deprecated: Creation of dynamic property Ratchet\Server\IoConnection::$WebSocket is deprecated in /var/www/html/vendor/cboden/ratchet/src/Ratchet/WebSocket/WsServer.php on line 114
New connection! (54)

Deprecated: Creation of dynamic property Ratchet\Server\IoConnection::$username is deprecated in /var/www/html/vendor/cboden/ratchet/src/Ratchet/AbstractConnectionDecorator.php on line 27
User ramesh01 registered on connection 54

Deprecated: Creation of dynamic property React\Socket\Connection::$decor is deprecated in /var/www/html/vendor/cboden/ratchet/src/Ratchet/Server/IoServer.php on line 83

Deprecated: Creation of dynamic property Ratchet\Server\IoConnection::$resourceId is deprecated in /var/www/html/vendor/cboden/ratchet/src/Ratchet/Server/IoServer.php on line 84

Deprecated: Creation of dynamic property Ratchet\Server\IoConnection::$remoteAddress is deprecated in /var/www/html/vendor/cboden/ratchet/src/Ratchet/Server/IoServer.php on line 87

Deprecated: Creation of dynamic property Ratchet\Server\IoConnection::$httpHeadersReceived is deprecated in /var/www/html/vendor/cboden/ratchet/src/Ratchet/Http/HttpServer.php on line 33

Deprecated: Creation of dynamic property Ratchet\Server\IoConnection::$httpBuffer is deprecated in /var/www/html/vendor/cboden/ratchet/src/Ratchet/Http/HttpRequestParser.php on line 30

Deprecated: Creation of dynamic property Ratchet\Server\IoConnection::$httpRequest is deprecated in /var/www/html/vendor/cboden/ratchet/src/Ratchet/WebSocket/WsServer.php on line 112

Deprecated: Creation of dynamic property Ratchet\Server\IoConnection::$WebSocket is deprecated in /var/www/html/vendor/cboden/ratchet/src/Ratchet/WebSocket/WsServer.php on line 114
New connection! (87)

Deprecated: Creation of dynamic property Ratchet\Server\IoConnection::$username is deprecated in /var/www/html/vendor/cboden/ratchet/src/Ratchet/AbstractConnectionDecorator.php on line 27
User ramesh01 registered on connection 87

Deprecated: Creation of dynamic property React\Socket\Connection::$decor is deprecated in /var/www/html/vendor/cboden/ratchet/src/Ratchet/Server/IoServer.php on line 83

Deprecated: Creation of dynamic property Ratchet\Server\IoConnection::$resourceId is deprecated in /var/www/html/vendor/cboden/ratchet/src/Ratchet/Server/IoServer.php on line 84

Deprecated: Creation of dynamic property Ratchet\Server\IoConnection::$remoteAddress is deprecated in /var/www/html/vendor/cboden/ratchet/src/Ratchet/Server/IoServer.php on line 87

Deprecated: Creation of dynamic property Ratchet\Server\IoConnection::$httpHeadersReceived is deprecated in /var/www/html/vendor/cboden/ratchet/src/Ratchet/Http/HttpServer.php on line 33

Deprecated: Creation of dynamic property Ratchet\Server\IoConnection::$httpBuffer is deprecated in /var/www/html/vendor/cboden/ratchet/src/Ratchet/Http/HttpRequestParser.php on line 30

Deprecated: Creation of dynamic property Ratchet\Server\IoConnection::$httpRequest is deprecated in /var/www/html/vendor/cboden/ratchet/src/Ratchet/WebSocket/WsServer.php on line 112

Deprecated: Creation of dynamic property Ratchet\Server\IoConnection::$WebSocket is deprecated in /var/www/html/vendor/cboden/ratchet/src/Ratchet/WebSocket/WsServer.php on line 114
New connection! (90)

Deprecated: Creation of dynamic property Ratchet\Server\IoConnection::$username is deprecated in /var/www/html/vendor/cboden/ratchet/src/Ratchet/AbstractConnectionDecorator.php on line 27
User ankit01 registered on connection 90
User ramesh01 disconnected
User ramesh01 disconnected
User ankit01 disconnected

Deprecated: Creation of dynamic property React\Socket\Connection::$decor is deprecated in /var/www/html/vendor/cboden/ratchet/src/Ratchet/Server/IoServer.php on line 83

Deprecated: Creation of dynamic property Ratchet\Server\IoConnection::$resourceId is deprecated in /var/www/html/vendor/cboden/ratchet/src/Ratchet/Server/IoServer.php on line 84

Deprecated: Creation of dynamic property Ratchet\Server\IoConnection::$remoteAddress is deprecated in /var/www/html/vendor/cboden/ratchet/src/Ratchet/Server/IoServer.php on line 87

Deprecated: Creation of dynamic property Ratchet\Server\IoConnection::$httpHeadersReceived is deprecated in /var/www/html/vendor/cboden/ratchet/src/Ratchet/Http/HttpServer.php on line 33

Deprecated: Creation of dynamic property Ratchet\Server\IoConnection::$httpBuffer is deprecated in /var/www/html/vendor/cboden/ratchet/src/Ratchet/Http/HttpRequestParser.php on line 30

Deprecated: Creation of dynamic property Ratchet\Server\IoConnection::$httpRequest is deprecated in /var/www/html/vendor/cboden/ratchet/src/Ratchet/WebSocket/WsServer.php on line 112

Deprecated: Creation of dynamic property Ratchet\Server\IoConnection::$WebSocket is deprecated in /var/www/html/vendor/cboden/ratchet/src/Ratchet/WebSocket/WsServer.php on line 114
New connection! (93)

Deprecated: Creation of dynamic property React\Socket\Connection::$decor is deprecated in /var/www/html/vendor/cboden/ratchet/src/Ratchet/Server/IoServer.php on line 83

Deprecated: Creation of dynamic property Ratchet\Server\IoConnection::$resourceId is deprecated in /var/www/html/vendor/cboden/ratchet/src/Ratchet/Server/IoServer.php on line 84

Deprecated: Creation of dynamic property Ratchet\Server\IoConnection::$remoteAddress is deprecated in /var/www/html/vendor/cboden/ratchet/src/Ratchet/Server/IoServer.php on line 87

Deprecated: Creation of dynamic property Ratchet\Server\IoConnection::$httpHeadersReceived is deprecated in /var/www/html/vendor/cboden/ratchet/src/Ratchet/Http/HttpServer.php on line 33

Deprecated: Creation of dynamic property Ratchet\Server\IoConnection::$httpBuffer is deprecated in /var/www/html/vendor/cboden/ratchet/src/Ratchet/Http/HttpRequestParser.php on line 30

Deprecated: Creation of dynamic property Ratchet\Server\IoConnection::$httpRequest is deprecated in /var/www/html/vendor/cboden/ratchet/src/Ratchet/WebSocket/WsServer.php on line 112

Deprecated: Creation of dynamic property Ratchet\Server\IoConnection::$WebSocket is deprecated in /var/www/html/vendor/cboden/ratchet/src/Ratchet/WebSocket/WsServer.php on line 114
New connection! (96)

Deprecated: Creation of dynamic property Ratchet\Server\IoConnection::$username is deprecated in /var/www/html/vendor/cboden/ratchet/src/Ratchet/AbstractConnectionDecorator.php on line 27
User ankit01 registered on connection 93

Deprecated: Creation of dynamic property Ratchet\Server\IoConnection::$username is deprecated in /var/www/html/vendor/cboden/ratchet/src/Ratchet/AbstractConnectionDecorator.php on line 27
User ramesh01 registered on connection 96
